<?xml version="1.0" encoding="UTF-8"?>
<!-- Generated by org.testng.reporters.JUnitXMLReporter -->
<testsuite ignored="4" hostname="LAPTOP-HK8QK20C" failures="0" tests="9" name="Test2" time="0.631" errors="0" timestamp="2022-08-18T10:57:36 IST">
  <testcase classname="com.wizGradeSchoolapp.generic.BaseClassPractice" name="@BeforeClass launchBrowser" time="0.451">
    <failure type="java.lang.IllegalStateException" message="The path to the driver executable must be set by the webdriver.gecko.driver system property; for more information, see https://github.com/mozilla/geckodriver. The latest version can be downloaded from https://github.com/mozilla/geckodriver/releases">
      <![CDATA[java.lang.IllegalStateException: The path to the driver executable must be set by the webdriver.gecko.driver system property; for more information, see https://github.com/mozilla/geckodriver. The latest version can be downloaded from https://github.com/mozilla/geckodriver/releases
at com.google.common.base.Preconditions.checkState(Preconditions.java:847)
at org.openqa.selenium.remote.service.DriverService.findExecutable(DriverService.java:134)
at org.openqa.selenium.firefox.GeckoDriverService.access$100(GeckoDriverService.java:44)
at org.openqa.selenium.firefox.GeckoDriverService$Builder.findDefaultExecutable(GeckoDriverService.java:167)
at org.openqa.selenium.remote.service.DriverService$Builder.build(DriverService.java:355)
at org.openqa.selenium.firefox.FirefoxDriver.toExecutor(FirefoxDriver.java:190)
at org.openqa.selenium.firefox.FirefoxDriver.<init>(FirefoxDriver.java:147)
at org.openqa.selenium.firefox.FirefoxDriver.<init>(FirefoxDriver.java:125)
at com.wizGradeSchoolapp.generic.BaseClassPractice.launchBrowser(BaseClassPractice.java:45)
at java.base/java.util.ArrayList.forEach(ArrayList.java:1511)
at java.base/java.util.concurrent.FutureTask.run(FutureTask.java:264)
at java.base/java.util.concurrent.ThreadPoolExecutor.runWorker(ThreadPoolExecutor.java:1130)
at java.base/java.util.concurrent.ThreadPoolExecutor$Worker.run(ThreadPoolExecutor.java:630)
at java.base/java.lang.Thread.run(Thread.java:831)
... Removed 16 stack frames]]>
    </failure>
  </testcase> <!-- @BeforeClass launchBrowser -->
  <testcase classname="com.wizGradeSchoolapp.generic.BaseClassPractice" name="@BeforeMethod loginToApplication" time="-1.660800456405E9">
    <skipped/>
  </testcase> <!-- @BeforeMethod loginToApplication -->
  <testcase classname="com.wizGradeSchoolapp.generic.BaseClassPractice" name="@AfterMethod logoutFromApplication" time="-1.660800456411E9">
    <skipped/>
  </testcase> <!-- @AfterMethod logoutFromApplication -->
  <testcase classname="com.wizGradeSchoolapp.generic.BaseClassPractice" name="@BeforeMethod loginToApplication" time="-1.660800456414E9">
    <skipped/>
  </testcase> <!-- @BeforeMethod loginToApplication -->
  <testcase classname="com.wizGradeSchoolapp.generic.BaseClassPractice" name="@AfterMethod logoutFromApplication" time="-1.66080045642E9">
    <skipped/>
  </testcase> <!-- @AfterMethod logoutFromApplication -->
  <testcase classname="com.wizGradeSchoolapp.generic.BaseClassPractice" name="@BeforeMethod loginToApplication" time="-1.660800456421E9">
    <skipped/>
  </testcase> <!-- @BeforeMethod loginToApplication -->
  <testcase classname="com.wizGradeSchoolapp.generic.BaseClassPractice" name="@AfterMethod logoutFromApplication" time="-1.660800456425E9">
    <skipped/>
  </testcase> <!-- @AfterMethod logoutFromApplication -->
  <testcase classname="com.wizGradeSchoolapp.generic.BaseClassPractice" name="@AfterClass closeBrowser" time="-1.660800456427E9">
    <skipped/>
  </testcase> <!-- @AfterClass closeBrowser -->
  <testcase classname="com.wizGradeSchoolapp.generic.BaseClassPractice" name="@BeforeClass launchBrowser" time="0.034">
    <failure type="java.lang.IllegalStateException" message="The path to the driver executable must be set by the webdriver.gecko.driver system property; for more information, see https://github.com/mozilla/geckodriver. The latest version can be downloaded from https://github.com/mozilla/geckodriver/releases">
      <![CDATA[java.lang.IllegalStateException: The path to the driver executable must be set by the webdriver.gecko.driver system property; for more information, see https://github.com/mozilla/geckodriver. The latest version can be downloaded from https://github.com/mozilla/geckodriver/releases
at com.google.common.base.Preconditions.checkState(Preconditions.java:847)
at org.openqa.selenium.remote.service.DriverService.findExecutable(DriverService.java:134)
at org.openqa.selenium.firefox.GeckoDriverService.access$100(GeckoDriverService.java:44)
at org.openqa.selenium.firefox.GeckoDriverService$Builder.findDefaultExecutable(GeckoDriverService.java:167)
at org.openqa.selenium.remote.service.DriverService$Builder.build(DriverService.java:355)
at org.openqa.selenium.firefox.FirefoxDriver.toExecutor(FirefoxDriver.java:190)
at org.openqa.selenium.firefox.FirefoxDriver.<init>(FirefoxDriver.java:147)
at org.openqa.selenium.firefox.FirefoxDriver.<init>(FirefoxDriver.java:125)
at com.wizGradeSchoolapp.generic.BaseClassPractice.launchBrowser(BaseClassPractice.java:45)
at java.base/java.util.ArrayList.forEach(ArrayList.java:1511)
at java.base/java.util.concurrent.FutureTask.run(FutureTask.java:264)
at java.base/java.util.concurrent.ThreadPoolExecutor.runWorker(ThreadPoolExecutor.java:1130)
at java.base/java.util.concurrent.ThreadPoolExecutor$Worker.run(ThreadPoolExecutor.java:630)
at java.base/java.lang.Thread.run(Thread.java:831)
... Removed 16 stack frames]]>
    </failure>
  </testcase> <!-- @BeforeClass launchBrowser -->
  <testcase classname="com.wizGradeSchoolapp.generic.BaseClassPractice" name="@BeforeMethod loginToApplication" time="-1.660800456466E9">
    <skipped/>
  </testcase> <!-- @BeforeMethod loginToApplication -->
  <testcase classname="com.wizGradeSchoolapp.generic.BaseClassPractice" name="@AfterMethod logoutFromApplication" time="-1.66080045647E9">
    <skipped/>
  </testcase> <!-- @AfterMethod logoutFromApplication -->
  <testcase classname="com.wizGradeSchoolapp.generic.BaseClassPractice" name="@BeforeMethod loginToApplication" time="-1.660800456472E9">
    <skipped/>
  </testcase> <!-- @BeforeMethod loginToApplication -->
  <testcase classname="com.wizGradeSchoolapp.generic.BaseClassPractice" name="@AfterMethod logoutFromApplication" time="-1.660800456478E9">
    <skipped/>
  </testcase> <!-- @AfterMethod logoutFromApplication -->
  <testcase classname="com.wizGradeSchoolapp.generic.BaseClassPractice" name="@BeforeMethod loginToApplication" time="-1.66080045648E9">
    <skipped/>
  </testcase> <!-- @BeforeMethod loginToApplication -->
  <testcase classname="com.wizGradeSchoolapp.generic.BaseClassPractice" name="@AfterMethod logoutFromApplication" time="-1.66080045649E9">
    <skipped/>
  </testcase> <!-- @AfterMethod logoutFromApplication -->
  <testcase classname="com.wizGradeSchoolapp.generic.BaseClassPractice" name="@AfterClass closeBrowser" time="-1.660800456495E9">
    <skipped/>
  </testcase> <!-- @AfterClass closeBrowser -->
  <testcase classname="com.wizGradeSchoolapp.generic.BaseClassPractice" name="@BeforeClass launchBrowser" time="0.042">
    <failure type="java.lang.IllegalStateException" message="The path to the driver executable must be set by the webdriver.gecko.driver system property; for more information, see https://github.com/mozilla/geckodriver. The latest version can be downloaded from https://github.com/mozilla/geckodriver/releases">
      <![CDATA[java.lang.IllegalStateException: The path to the driver executable must be set by the webdriver.gecko.driver system property; for more information, see https://github.com/mozilla/geckodriver. The latest version can be downloaded from https://github.com/mozilla/geckodriver/releases
at com.google.common.base.Preconditions.checkState(Preconditions.java:847)
at org.openqa.selenium.remote.service.DriverService.findExecutable(DriverService.java:134)
at org.openqa.selenium.firefox.GeckoDriverService.access$100(GeckoDriverService.java:44)
at org.openqa.selenium.firefox.GeckoDriverService$Builder.findDefaultExecutable(GeckoDriverService.java:167)
at org.openqa.selenium.remote.service.DriverService$Builder.build(DriverService.java:355)
at org.openqa.selenium.firefox.FirefoxDriver.toExecutor(FirefoxDriver.java:190)
at org.openqa.selenium.firefox.FirefoxDriver.<init>(FirefoxDriver.java:147)
at org.openqa.selenium.firefox.FirefoxDriver.<init>(FirefoxDriver.java:125)
at com.wizGradeSchoolapp.generic.BaseClassPractice.launchBrowser(BaseClassPractice.java:45)
at java.base/java.util.ArrayList.forEach(ArrayList.java:1511)
at java.base/java.util.concurrent.FutureTask.run(FutureTask.java:264)
at java.base/java.util.concurrent.ThreadPoolExecutor.runWorker(ThreadPoolExecutor.java:1130)
at java.base/java.util.concurrent.ThreadPoolExecutor$Worker.run(ThreadPoolExecutor.java:630)
at java.base/java.lang.Thread.run(Thread.java:831)
... Removed 16 stack frames]]>
    </failure>
  </testcase> <!-- @BeforeClass launchBrowser -->
  <testcase classname="com.wizGradeSchoolapp.generic.BaseClassPractice" name="@BeforeMethod loginToApplication" time="-1.660800456543E9">
    <skipped/>
  </testcase> <!-- @BeforeMethod loginToApplication -->
  <testcase classname="com.wizGradeSchoolapp.generic.BaseClassPractice" name="@AfterMethod logoutFromApplication" time="-1.660800456547E9">
    <skipped/>
  </testcase> <!-- @AfterMethod logoutFromApplication -->
  <testcase classname="com.wizGradeSchoolapp.generic.BaseClassPractice" name="@BeforeMethod loginToApplication" time="-1.660800456548E9">
    <skipped/>
  </testcase> <!-- @BeforeMethod loginToApplication -->
  <testcase classname="com.wizGradeSchoolapp.generic.BaseClassPractice" name="@AfterMethod logoutFromApplication" time="-1.660800456551E9">
    <skipped/>
  </testcase> <!-- @AfterMethod logoutFromApplication -->
  <testcase classname="com.wizGradeSchoolapp.generic.BaseClassPractice" name="@BeforeMethod loginToApplication" time="-1.660800456553E9">
    <skipped/>
  </testcase> <!-- @BeforeMethod loginToApplication -->
  <testcase classname="com.wizGradeSchoolapp.generic.BaseClassPractice" name="@AfterMethod logoutFromApplication" time="-1.660800456556E9">
    <skipped/>
  </testcase> <!-- @AfterMethod logoutFromApplication -->
  <testcase classname="com.wizGradeSchoolapp.generic.BaseClassPractice" name="@AfterClass closeBrowser" time="-1.660800456558E9">
    <skipped/>
  </testcase> <!-- @AfterClass closeBrowser -->
  <testcase classname="com.wizGradeSchoolapp.practice.PracticeTest" name="createContactTest" time="0.0">
    <skipped/>
  </testcase> <!-- createContactTest -->
  <testcase classname="com.wizGradeSchoolapp.practice.PracticeTest" name="deleteContactTest" time="0.0">
    <skipped/>
  </testcase> <!-- deleteContactTest -->
  <testcase classname="com.wizGradeSchoolapp.practice.PracticeTest" name="editContactTest" time="0.0">
    <skipped/>
  </testcase> <!-- editContactTest -->
  <testcase classname="com.wizGradeSchoolapp.practice.PracticeTest1" name="createTaskTest" time="0.0">
    <skipped/>
  </testcase> <!-- createTaskTest -->
  <testcase classname="com.wizGradeSchoolapp.practice.PracticeTest1" name="deleteTaskTest" time="0.0">
    <skipped/>
  </testcase> <!-- deleteTaskTest -->
  <testcase classname="com.wizGradeSchoolapp.practice.PracticeTest1" name="editTaskTest" time="0.0">
    <skipped/>
  </testcase> <!-- editTaskTest -->
  <testcase classname="com.wizGradeSchoolapp.practice.practiceTest2" name="createProjectTest" time="0.0">
    <skipped/>
  </testcase> <!-- createProjectTest -->
  <testcase classname="com.wizGradeSchoolapp.practice.practiceTest2" name="deleteProjectTest" time="0.0">
    <skipped/>
  </testcase> <!-- deleteProjectTest -->
  <testcase classname="com.wizGradeSchoolapp.practice.practiceTest2" name="editProjectTest" time="0.0">
    <skipped/>
  </testcase> <!-- editProjectTest -->
  <testcase classname="com.wizGradeSchoolapp.generic.BaseClassPractice" name="@BeforeSuite createDBConnection" time="0.0">
    <ignored/>
  </testcase> <!-- @BeforeSuite createDBConnection -->
  <testcase classname="com.wizGradeSchoolapp.generic.BaseClassPractice" name="@BeforeSuite createDBConnection" time="0.0">
    <ignored/>
  </testcase> <!-- @BeforeSuite createDBConnection -->
  <testcase classname="com.wizGradeSchoolapp.generic.BaseClassPractice" name="@AfterSuite closeDBConnection" time="0.0">
    <ignored/>
  </testcase> <!-- @AfterSuite closeDBConnection -->
  <testcase classname="com.wizGradeSchoolapp.generic.BaseClassPractice" name="@AfterSuite closeDBConnection" time="0.0">
    <ignored/>
  </testcase> <!-- @AfterSuite closeDBConnection -->
</testsuite> <!-- Test2 -->
