<?xml version="1.0" encoding="UTF-8"?>
<!-- Generated by org.testng.reporters.JUnitXMLReporter -->
<testsuite ignored="4" hostname="LAPTOP-HK8QK20C" failures="0" tests="6" name="Test" time="27.729" errors="0" timestamp="2022-08-19T11:48:35 IST">
  <testcase classname="com.wizGradeSchoolapp.practice.PracticeTest" name="createContactTest" time="0.019"/>
  <testcase classname="com.wizGradeSchoolapp.practice.PracticeTest" name="deleteContactTest" time="0.004"/>
  <testcase classname="com.wizGradeSchoolapp.practice.PracticeTest" name="editContactTest" time="0.017">
    <skipped/>
  </testcase> <!-- editContactTest -->
  <testcase classname="com.wizGradeSchoolapp.practice.PracticeTest" name="editContactTest" time="0.005">
    <skipped/>
  </testcase> <!-- editContactTest -->
  <testcase classname="com.wizGradeSchoolapp.practice.PracticeTest" name="editContactTest" time="0.005">
    <skipped/>
  </testcase> <!-- editContactTest -->
  <testcase classname="com.wizGradeSchoolapp.practice.PracticeTest" name="editContactTest" time="0.004">
    <skipped/>
  </testcase> <!-- editContactTest -->
  <testcase classname="com.wizGradeSchoolapp.generic.BaseClassPractice" name="@BeforeSuite createDBConnection" time="0.0">
    <ignored/>
  </testcase> <!-- @BeforeSuite createDBConnection -->
  <testcase classname="com.wizGradeSchoolapp.generic.BaseClassPractice" name="@BeforeSuite createDBConnection" time="0.0">
    <ignored/>
  </testcase> <!-- @BeforeSuite createDBConnection -->
  <testcase classname="com.wizGradeSchoolapp.generic.BaseClassPractice" name="@AfterSuite closeDBConnection" time="0.0">
    <ignored/>
  </testcase> <!-- @AfterSuite closeDBConnection -->
  <testcase classname="com.wizGradeSchoolapp.generic.BaseClassPractice" name="@AfterSuite closeDBConnection" time="0.0">
    <ignored/>
  </testcase> <!-- @AfterSuite closeDBConnection -->
</testsuite> <!-- Test -->
