<?xml version="1.0" encoding="UTF-8"?>
<!-- Generated by org.testng.reporters.JUnitXMLReporter -->
<testsuite ignored="0" hostname="LAPTOP-HK8QK20C" failures="0" tests="3" name="Test3" time="0.008" errors="0" timestamp="2022-08-18T10:31:48 IST">
  <testcase classname="com.wizGradeSchoolapp.practice.practiceTest2" name="createProjectTest" time="0.001"/>
  <testcase classname="com.wizGradeSchoolapp.practice.practiceTest2" name="deleteProjectTest" time="0.001"/>
  <testcase classname="com.wizGradeSchoolapp.practice.practiceTest2" name="editProjectTest" time="0.0"/>
</testsuite> <!-- Test3 -->
