<?xml version="1.0" encoding="UTF-8"?>
<testng-results ignored="0" total="3" passed="2" failed="1" skipped="0">
  <reporter-output>
  </reporter-output>
  <suite started-at="2022-08-19T12:57:30 IST" name="Default suite" finished-at="2022-08-19T12:57:39 IST" duration-ms="9218">
    <groups>
    </groups>
    <test started-at="2022-08-19T12:57:30 IST" name="Default test" finished-at="2022-08-19T12:57:39 IST" duration-ms="9218">
      <class name="com.wizGradeSchoolapp.practice.PracticeTest1">
        <test-method is-config="true" signature="createDBConnection()[pri:0, instance:com.wizGradeSchoolapp.practice.PracticeTest1@f736069]" started-at="2022-08-19T12:57:30 IST" name="createDBConnection" finished-at="2022-08-19T12:57:30 IST" duration-ms="8" status="PASS">
          <reporter-output>
          </reporter-output>
        </test-method> <!-- createDBConnection -->
        <test-method is-config="true" signature="launchBrowser()[pri:0, instance:com.wizGradeSchoolapp.practice.PracticeTest1@f736069]" started-at="2022-08-19T12:57:30 IST" name="launchBrowser" finished-at="2022-08-19T12:57:33 IST" duration-ms="2706" status="PASS">
          <reporter-output>
          </reporter-output>
        </test-method> <!-- launchBrowser -->
        <test-method is-config="true" signature="loginToApplication()[pri:0, instance:com.wizGradeSchoolapp.practice.PracticeTest1@f736069]" started-at="2022-08-19T12:57:33 IST" name="loginToApplication" finished-at="2022-08-19T12:57:37 IST" duration-ms="3810" status="PASS">
          <reporter-output>
          </reporter-output>
        </test-method> <!-- loginToApplication -->
        <test-method signature="createTaskTest()[pri:0, instance:com.wizGradeSchoolapp.practice.PracticeTest1@f736069]" started-at="2022-08-19T12:57:37 IST" name="createTaskTest" finished-at="2022-08-19T12:57:37 IST" duration-ms="233" status="FAIL">
          <exception class="java.lang.AssertionError">
            <message>
              <![CDATA[The following asserts failed:
null]]>
            </message>
            <full-stacktrace>
              <![CDATA[java.lang.AssertionError: The following asserts failed:
null
at org.testng.asserts.SoftAssert.assertAll(SoftAssert.java:47)
at org.testng.asserts.SoftAssert.assertAll(SoftAssert.java:31)
at com.wizGradeSchoolapp.practice.PracticeTest1.createTaskTest(PracticeTest1.java:22)
at java.base/jdk.internal.reflect.NativeMethodAccessorImpl.invoke0(Native Method)
at java.base/jdk.internal.reflect.NativeMethodAccessorImpl.invoke(NativeMethodAccessorImpl.java:78)
at java.base/jdk.internal.reflect.DelegatingMethodAccessorImpl.invoke(DelegatingMethodAccessorImpl.java:43)
at java.base/java.lang.reflect.Method.invoke(Method.java:567)
at org.testng.internal.MethodInvocationHelper.invokeMethod(MethodInvocationHelper.java:133)
at org.testng.internal.TestInvoker.invokeMethod(TestInvoker.java:598)
at org.testng.internal.TestInvoker.invokeTestMethod(TestInvoker.java:173)
at org.testng.internal.MethodRunner.runInSequence(MethodRunner.java:46)
at org.testng.internal.TestInvoker$MethodInvocationAgent.invoke(TestInvoker.java:824)
at org.testng.internal.TestInvoker.invokeTestMethods(TestInvoker.java:146)
at org.testng.internal.TestMethodWorker.invokeTestMethods(TestMethodWorker.java:146)
at org.testng.internal.TestMethodWorker.run(TestMethodWorker.java:128)
at java.base/java.util.ArrayList.forEach(ArrayList.java:1511)
at org.testng.TestRunner.privateRun(TestRunner.java:794)
at org.testng.TestRunner.run(TestRunner.java:596)
at org.testng.SuiteRunner.runTest(SuiteRunner.java:377)
at org.testng.SuiteRunner.runSequentially(SuiteRunner.java:371)
at org.testng.SuiteRunner.privateRun(SuiteRunner.java:332)
at org.testng.SuiteRunner.run(SuiteRunner.java:276)
at org.testng.SuiteRunnerWorker.runSuite(SuiteRunnerWorker.java:53)
at org.testng.SuiteRunnerWorker.run(SuiteRunnerWorker.java:96)
at org.testng.TestNG.runSuitesSequentially(TestNG.java:1212)
at org.testng.TestNG.runSuitesLocally(TestNG.java:1134)
at org.testng.TestNG.runSuites(TestNG.java:1063)
at org.testng.TestNG.run(TestNG.java:1031)
at org.testng.remote.AbstractRemoteTestNG.run(AbstractRemoteTestNG.java:115)
at org.testng.remote.RemoteTestNG.initAndRun(RemoteTestNG.java:251)
at org.testng.remote.RemoteTestNG.main(RemoteTestNG.java:77)
]]>
            </full-stacktrace>
          </exception> <!-- java.lang.AssertionError -->
          <reporter-output>
          </reporter-output>
        </test-method> <!-- createTaskTest -->
        <test-method is-config="true" signature="logoutFromApplication()[pri:0, instance:com.wizGradeSchoolapp.practice.PracticeTest1@f736069]" started-at="2022-08-19T12:57:37 IST" name="logoutFromApplication" finished-at="2022-08-19T12:57:37 IST" duration-ms="0" status="PASS">
          <reporter-output>
          </reporter-output>
        </test-method> <!-- logoutFromApplication -->
        <test-method is-config="true" signature="loginToApplication()[pri:0, instance:com.wizGradeSchoolapp.practice.PracticeTest1@f736069]" started-at="2022-08-19T12:57:37 IST" name="loginToApplication" finished-at="2022-08-19T12:57:38 IST" duration-ms="932" status="PASS">
          <reporter-output>
          </reporter-output>
        </test-method> <!-- loginToApplication -->
        <test-method signature="deleteTaskTest()[pri:0, instance:com.wizGradeSchoolapp.practice.PracticeTest1@f736069]" started-at="2022-08-19T12:57:38 IST" name="deleteTaskTest" finished-at="2022-08-19T12:57:38 IST" duration-ms="2" status="PASS">
          <reporter-output>
          </reporter-output>
        </test-method> <!-- deleteTaskTest -->
        <test-method is-config="true" signature="logoutFromApplication()[pri:0, instance:com.wizGradeSchoolapp.practice.PracticeTest1@f736069]" started-at="2022-08-19T12:57:38 IST" name="logoutFromApplication" finished-at="2022-08-19T12:57:38 IST" duration-ms="0" status="PASS">
          <reporter-output>
          </reporter-output>
        </test-method> <!-- logoutFromApplication -->
        <test-method is-config="true" signature="loginToApplication()[pri:0, instance:com.wizGradeSchoolapp.practice.PracticeTest1@f736069]" started-at="2022-08-19T12:57:38 IST" name="loginToApplication" finished-at="2022-08-19T12:57:39 IST" duration-ms="849" status="PASS">
          <reporter-output>
          </reporter-output>
        </test-method> <!-- loginToApplication -->
        <test-method signature="editTaskTest()[pri:0, instance:com.wizGradeSchoolapp.practice.PracticeTest1@f736069]" started-at="2022-08-19T12:57:39 IST" name="editTaskTest" finished-at="2022-08-19T12:57:39 IST" duration-ms="4" status="PASS">
          <reporter-output>
          </reporter-output>
        </test-method> <!-- editTaskTest -->
        <test-method is-config="true" signature="logoutFromApplication()[pri:0, instance:com.wizGradeSchoolapp.practice.PracticeTest1@f736069]" started-at="2022-08-19T12:57:39 IST" name="logoutFromApplication" finished-at="2022-08-19T12:57:39 IST" duration-ms="1" status="PASS">
          <reporter-output>
          </reporter-output>
        </test-method> <!-- logoutFromApplication -->
        <test-method is-config="true" signature="closeBrowser()[pri:0, instance:com.wizGradeSchoolapp.practice.PracticeTest1@f736069]" started-at="2022-08-19T12:57:39 IST" name="closeBrowser" finished-at="2022-08-19T12:57:39 IST" duration-ms="238" status="PASS">
          <reporter-output>
          </reporter-output>
        </test-method> <!-- closeBrowser -->
        <test-method is-config="true" signature="closeDBConnection()[pri:0, instance:com.wizGradeSchoolapp.practice.PracticeTest1@f736069]" started-at="2022-08-19T12:57:39 IST" name="closeDBConnection" finished-at="2022-08-19T12:57:39 IST" duration-ms="1" status="PASS">
          <reporter-output>
          </reporter-output>
        </test-method> <!-- closeDBConnection -->
      </class> <!-- com.wizGradeSchoolapp.practice.PracticeTest1 -->
    </test> <!-- Default test -->
  </suite> <!-- Default suite -->
</testng-results>
